<?xml version="1.0" encoding="UTF-8"?>
<!-- Generated by org.testng.reporters.JUnitReportReporter -->
<testsuite hostname="LAPTOP-J7CF5V3J" failures="0" tests="1" name="dipi.ExtentReports.ExtentReportsDemo" time="5.740" errors="0" timestamp="2023-09-12T12:31:34 IST" skipped="0">
  <testcase classname="dipi.ExtentReports.ExtentReportsDemo" name="initialdemo" time="5.740"/>
  <system-out/>
</testsuite> <!-- dipi.ExtentReports.ExtentReportsDemo -->
